TN:
SF:src\index.ts
FN:29,(anonymous_0)
FNF:1
FNH:1
FNDA:18,(anonymous_0)
DA:12,53
DA:14,53
DA:29,53
DA:30,18
DA:33,53
DA:35,53
DA:44,53
LF:7
LH:7
BRF:0
BRH:0
end_of_record
TN:
SF:src\api\drive\auth.ts
FN:30,(anonymous_0)
FNF:1
FNH:1
FNDA:19,(anonymous_0)
DA:6,53
DA:30,53
DA:31,19
DA:33,19
DA:34,17
DA:37,2
DA:38,2
DA:40,2
DA:48,2
LF:9
LH:9
BRDA:33,0,0,17
BRDA:33,0,1,2
BRF:2
BRH:2
end_of_record
TN:
SF:src\api\drive\callback.ts
FN:45,(anonymous_0)
FNF:1
FNH:1
FNDA:51,(anonymous_0)
DA:6,56
DA:45,56
DA:46,51
DA:47,51
DA:49,51
DA:50,21
DA:53,30
DA:54,24
DA:55,24
DA:57,24
DA:58,3
DA:61,21
DA:62,3
DA:67,18
DA:68,18
DA:75,9
DA:76,9
DA:82,9
DA:84,9
DA:85,6
DA:92,3
DA:99,6
DA:100,6
LF:23
LH:23
BRDA:49,0,0,21
BRDA:49,0,1,30
BRDA:49,1,0,51
BRDA:49,1,1,33
BRDA:57,2,0,3
BRDA:57,2,1,21
BRDA:61,3,0,3
BRDA:61,3,1,18
BRDA:78,4,0,6
BRDA:78,4,1,3
BRDA:84,5,0,6
BRDA:84,5,1,3
BRDA:88,6,0,3
BRDA:88,6,1,3
BRDA:102,7,0,3
BRDA:102,7,1,3
BRF:16
BRH:16
end_of_record
TN:
SF:src\api\drive\index.ts
FNF:0
FNH:0
DA:9,53
DA:11,53
DA:12,53
DA:13,53
DA:14,53
LF:5
LH:5
BRF:0
BRH:0
end_of_record
TN:
SF:src\api\drive\upload.ts
FN:55,(anonymous_0)
FNF:1
FNH:1
FNDA:94,(anonymous_0)
DA:6,53
DA:55,53
DA:56,94
DA:57,94
DA:59,94
DA:60,31
DA:63,63
DA:64,63
DA:65,63
DA:66,63
DA:68,63
DA:80,28
DA:81,21
DA:82,7
DA:84,14
DA:85,7
DA:87,7
DA:90,7
DA:93,35
DA:96,35
DA:97,28
DA:98,7
DA:103,21
DA:104,7
DA:106,14
DA:107,7
DA:114,14
LF:27
LH:27
BRDA:59,0,0,31
BRDA:59,0,1,63
BRDA:59,1,0,94
BRDA:59,1,1,63
BRDA:59,1,2,63
BRDA:59,1,3,63
BRDA:80,2,0,21
BRDA:80,2,1,7
BRDA:81,3,0,7
BRDA:81,3,1,14
BRDA:84,4,0,7
BRDA:84,4,1,7
BRDA:87,5,0,7
BRDA:87,5,1,0
BRDA:96,6,0,28
BRDA:96,6,1,7
BRDA:97,7,0,7
BRDA:97,7,1,21
BRDA:103,8,0,7
BRDA:103,8,1,14
BRDA:106,9,0,7
BRDA:106,9,1,7
BRDA:116,10,0,7
BRDA:116,10,1,7
BRF:24
BRH:23
end_of_record
TN:
SF:src\api\drive\folder\create.ts
FN:46,(anonymous_0)
FNF:1
FNH:1
FNDA:154,(anonymous_0)
DA:5,53
DA:46,53
DA:47,154
DA:48,154
DA:50,154
DA:51,48
DA:54,106
DA:56,106
DA:67,37
DA:68,16
DA:71,21
DA:77,69
DA:79,69
DA:80,53
DA:81,5
DA:86,48
DA:87,16
DA:89,32
DA:90,16
DA:97,32
LF:20
LH:20
BRDA:50,0,0,48
BRDA:50,0,1,106
BRDA:50,1,0,154
BRDA:50,1,1,106
BRDA:50,1,2,106
BRDA:50,1,3,106
BRDA:67,2,0,16
BRDA:67,2,1,21
BRDA:68,3,0,16
BRDA:68,3,1,0
BRDA:79,4,0,53
BRDA:79,4,1,16
BRDA:80,5,0,5
BRDA:80,5,1,48
BRDA:86,6,0,16
BRDA:86,6,1,32
BRDA:89,7,0,16
BRDA:89,7,1,16
BRDA:99,8,0,16
BRDA:99,8,1,16
BRF:20
BRH:19
end_of_record
TN:
SF:src\api\drive\folder\delete.ts
FN:55,(anonymous_0)
FNF:1
FNH:1
FNDA:111,(anonymous_0)
DA:6,53
DA:55,53
DA:56,111
DA:57,111
DA:59,111
DA:60,31
DA:63,80
DA:65,80
DA:75,40
DA:76,16
DA:77,8
DA:79,8
DA:82,24
DA:88,40
DA:90,40
DA:91,32
DA:92,8
DA:97,24
DA:98,8
DA:100,16
DA:101,8
DA:108,16
LF:22
LH:22
BRDA:59,0,0,31
BRDA:59,0,1,80
BRDA:59,1,0,111
BRDA:59,1,1,80
BRDA:59,1,2,80
BRDA:59,1,3,80
BRDA:75,2,0,16
BRDA:75,2,1,24
BRDA:76,3,0,8
BRDA:76,3,1,8
BRDA:79,4,0,8
BRDA:79,4,1,0
BRDA:90,5,0,32
BRDA:90,5,1,8
BRDA:91,6,0,8
BRDA:91,6,1,24
BRDA:97,7,0,8
BRDA:97,7,1,16
BRDA:100,8,0,8
BRDA:100,8,1,8
BRDA:110,9,0,8
BRDA:110,9,1,8
BRF:22
BRH:21
end_of_record
TN:
SF:src\api\drive\folder\index.ts
FNF:0
FNH:0
DA:7,53
DA:9,53
DA:10,53
DA:11,53
LF:4
LH:4
BRF:0
BRH:0
end_of_record
TN:
SF:src\api\drive\folder\list.ts
FN:41,(anonymous_0)
FNF:1
FNH:1
FNDA:202,(anonymous_0)
DA:6,53
DA:41,53
DA:42,202
DA:43,202
DA:45,202
DA:46,30
DA:49,172
DA:50,172
DA:53,172
DA:61,123
DA:62,15
DA:63,108
DA:64,93
DA:66,15
DA:70,123
DA:72,97
DA:78,75
DA:81,75
DA:82,60
DA:83,15
DA:88,45
DA:89,15
DA:91,30
DA:92,15
DA:99,30
LF:25
LH:25
BRDA:45,0,0,30
BRDA:45,0,1,172
BRDA:45,1,0,202
BRDA:45,1,1,172
BRDA:45,1,2,172
BRDA:45,1,3,172
BRDA:61,2,0,15
BRDA:61,2,1,108
BRDA:63,3,0,93
BRDA:63,3,1,15
BRDA:63,4,0,108
BRDA:63,4,1,15
BRDA:81,5,0,60
BRDA:81,5,1,15
BRDA:82,6,0,15
BRDA:82,6,1,45
BRDA:88,7,0,15
BRDA:88,7,1,30
BRDA:91,8,0,15
BRDA:91,8,1,15
BRDA:101,9,0,15
BRDA:101,9,1,15
BRF:22
BRH:22
end_of_record
TN:
SF:src\schema\drive.ts
FNF:0
FNH:0
DA:3,56
DA:8,56
DA:12,56
DA:16,56
DA:23,56
DA:33,56
DA:38,56
DA:47,56
DA:51,56
DA:56,56
DA:60,56
LF:11
LH:11
BRF:0
BRH:0
end_of_record
TN:
SF:src\utils\googleDrive.ts
FN:37,getAccessToken
FN:60,isUnderDefaultFolder
FN:91,findExistingFile
FN:108,(anonymous_3)
FN:127,uploadFile
FN:199,listFolders
FN:210,(anonymous_6)
FN:225,validateFolder
FN:262,processFileUpload
FN:309,createFolder
FN:349,deleteFolderContents
FN:385,(anonymous_11)
FNF:12
FNH:12
FNDA:204,getAccessToken
FNDA:372,isUnderDefaultFolder
FNDA:48,findExistingFile
FNDA:12,(anonymous_3)
FNDA:96,uploadFile
FNDA:48,listFolders
FNDA:36,(anonymous_6)
FNDA:96,validateFolder
FNDA:60,processFileUpload
FNDA:48,createFolder
FNDA:96,deleteFolderContents
FNDA:60,(anonymous_11)
DA:38,204
DA:39,204
DA:46,192
DA:47,12
DA:50,180
DA:52,24
DA:53,24
DA:65,372
DA:66,120
DA:69,252
DA:70,252
DA:72,240
DA:75,132
DA:76,132
DA:77,120
DA:81,12
DA:84,12
DA:96,48
DA:98,48
DA:99,48
DA:105,36
DA:108,36
DA:110,36
DA:111,12
DA:112,12
DA:113,12
DA:115,24
DA:116,24
DA:119,12
DA:120,12
DA:133,96
DA:135,96
DA:138,96
DA:139,96
DA:140,96
DA:143,96
DA:151,96
DA:158,96
DA:159,96
DA:160,96
DA:161,96
DA:164,96
DA:165,96
DA:166,96
DA:167,96
DA:170,96
DA:174,96
DA:176,96
DA:178,96
DA:187,96
DA:188,12
DA:189,12
DA:190,12
DA:193,84
DA:203,48
DA:204,48
DA:210,36
DA:217,12
DA:218,12
DA:230,96
DA:231,24
DA:234,72
DA:235,72
DA:238,60
DA:240,60
DA:241,48
DA:248,12
DA:249,12
DA:251,12
DA:269,60
DA:270,12
DA:277,48
DA:280,48
DA:283,48
DA:284,48
DA:285,24
DA:292,24
DA:295,24
DA:296,12
DA:297,12
DA:301,24
DA:303,24
DA:315,48
DA:316,12
DA:322,36
DA:323,36
DA:324,36
DA:326,36
DA:332,24
DA:341,12
DA:342,12
DA:354,96
DA:355,12
DA:362,84
DA:365,84
DA:367,84
DA:368,12
DA:377,72
DA:378,72
DA:385,60
DA:388,60
DA:389,60
DA:391,60
DA:392,60
DA:393,60
DA:394,24
DA:395,24
DA:397,36
DA:401,60
DA:406,12
DA:407,12
LF:111
LH:111
BRDA:46,0,0,12
BRDA:46,0,1,180
BRDA:53,1,0,24
BRDA:53,1,1,0
BRDA:65,2,0,120
BRDA:65,2,1,252
BRDA:72,3,0,108
BRDA:72,3,1,132
BRDA:72,4,0,240
BRDA:72,4,1,228
BRDA:76,5,0,120
BRDA:76,5,1,12
BRDA:110,6,0,12
BRDA:110,6,1,24
BRDA:135,7,0,96
BRDA:135,7,1,24
BRDA:143,8,0,24
BRDA:143,8,1,72
BRDA:155,9,0,96
BRDA:155,9,1,24
BRDA:170,10,0,24
BRDA:170,10,1,72
BRDA:174,11,0,24
BRDA:174,11,1,72
BRDA:187,12,0,12
BRDA:187,12,1,84
BRDA:213,13,0,36
BRDA:213,13,1,12
BRDA:214,14,0,36
BRDA:214,14,1,12
BRDA:218,15,0,12
BRDA:218,15,1,0
BRDA:230,16,0,24
BRDA:230,16,1,72
BRDA:230,17,0,96
BRDA:230,17,1,96
BRDA:240,18,0,48
BRDA:240,18,1,12
BRDA:269,19,0,12
BRDA:269,19,1,48
BRDA:280,20,0,48
BRDA:280,20,1,24
BRDA:284,21,0,24
BRDA:284,21,1,24
BRDA:295,22,0,12
BRDA:295,22,1,12
BRDA:296,23,0,12
BRDA:296,23,1,12
BRDA:315,24,0,12
BRDA:315,24,1,36
BRDA:324,25,0,36
BRDA:324,25,1,12
BRDA:342,26,0,12
BRDA:342,26,1,0
BRDA:354,27,0,12
BRDA:354,27,1,84
BRDA:367,28,0,12
BRDA:367,28,1,72
BRDA:385,29,0,60
BRDA:385,29,1,0
BRDA:397,30,0,24
BRDA:397,30,1,12
BRDA:403,31,0,36
BRDA:403,31,1,24
BRDA:407,32,0,12
BRDA:407,32,1,0
BRF:66
BRH:61
end_of_record
TN:
SF:src\utils\oauth.ts
FN:66,exchangeCodeForTokens
FN:100,listDriveFiles
FN:138,refreshAccessToken
FN:186,getDriveFileInfo
FN:218,createDriveFolder
FN:246,deleteDriveFile
FNF:6
FNH:6
FNDA:68,exchangeCodeForTokens
FNDA:60,listDriveFiles
FNDA:30,refreshAccessToken
FNDA:30,getDriveFileInfo
FNDA:30,createDriveFolder
FNDA:20,deleteDriveFile
DA:4,66
DA:11,66
DA:19,66
DA:25,66
DA:33,66
DA:37,66
DA:45,66
DA:67,68
DA:69,68
DA:83,62
DA:84,33
DA:87,33
DA:88,33
DA:90,13
DA:93,20
DA:96,19
DA:97,19
DA:101,60
DA:104,60
DA:105,60
DA:106,40
DA:108,60
DA:110,60
DA:111,60
DA:112,60
DA:113,60
DA:115,60
DA:121,60
DA:122,20
DA:125,20
DA:126,20
DA:127,10
DA:129,20
DA:133,30
DA:134,30
DA:139,30
DA:146,30
DA:159,30
DA:160,20
DA:163,20
DA:164,20
DA:166,10
DA:169,10
DA:172,10
DA:173,10
DA:177,66
DA:187,30
DA:193,30
DA:194,10
DA:195,10
DA:198,20
DA:199,20
DA:203,66
DA:209,66
DA:219,30
DA:221,30
DA:227,30
DA:236,30
DA:237,10
DA:238,10
DA:241,10
DA:242,10
DA:247,20
DA:254,20
DA:255,10
DA:256,10
LF:66
LH:66
BRDA:83,0,0,33
BRDA:83,0,1,19
BRDA:93,1,0,10
BRDA:93,1,1,10
BRDA:105,2,0,40
BRDA:105,2,1,20
BRDA:112,3,0,60
BRDA:112,3,1,20
BRDA:113,4,0,60
BRDA:113,4,1,20
BRDA:121,5,0,20
BRDA:121,5,1,30
BRDA:159,6,0,20
BRDA:159,6,1,10
BRDA:169,7,0,10
BRDA:169,7,1,0
BRDA:186,8,0,20
BRDA:193,9,0,10
BRDA:193,9,1,20
BRDA:236,10,0,10
BRDA:236,10,1,10
BRDA:254,11,0,10
BRDA:254,11,1,10
BRF:23
BRH:22
end_of_record
